Processing 16 files
Start Processing: net/mcreator/youmods_rp/ClientProxyYouModsRP.java
Import: net.minecraftforge.fml.common.event.FMLServerStartingEvent
Import: net.minecraftforge.fml.common.event.FMLPreInitializationEvent
Import: net.minecraftforge.fml.common.event.FMLPostInitializationEvent
Import: net.minecraftforge.fml.common.event.FMLInitializationEvent
Import: net.minecraftforge.client.model.obj.OBJLoader
End  Processing: net/mcreator/youmods_rp/ClientProxyYouModsRP.java

Start Processing: net/mcreator/youmods_rp/ElementsYouModsRP.java
FOUND CONSTR method net/mcreator/youmods_rp/ElementsYouModsRP/ElementsYouModsRP ()V net/mcreator/youmods_rp/ElementsYouModsRP
New Key: class net/minecraftforge/fml/common/discovery/ASMDataTable
New Key: class net/mcreator/youmods_rp/ElementsYouModsRP/ModElement
New Key: class net/mcreator/youmods_rp/ElementsYouModsRP
New Key: class net/mcreator/youmods_rp/ElementsYouModsRP
New Key: class net/mcreator/youmods_rp/ElementsYouModsRP
New Key: class net/mcreator/youmods_rp/YouModsRPVariables
New Key: class net/mcreator/youmods_rp/YouModsRPVariables
New Key: class net/minecraftforge/event/RegistryEvent
New Key: class java/util/Map
Rename field net/minecraft/world/World/provider[3668,3676]::provider->field_73011_w
Rename field net/minecraft/entity/Entity/world[4057,4062]::world->field_70170_p
Rename field net/minecraft/world/World/isRemote[4071,4079]::isRemote->field_72995_K
New Key: class net/mcreator/youmods_rp/YouModsRPVariables
Rename field net/minecraft/entity/Entity/world[4166,4171]::world->field_70170_p
New Key: class net/mcreator/youmods_rp/YouModsRPVariables
Rename field net/minecraft/entity/Entity/world[4264,4269]::world->field_70170_p
New Key: class net/mcreator/youmods_rp/YouModsRPVariables
New Key: class net/mcreator/youmods_rp/YouModsRPVariables
Rename field net/minecraft/entity/Entity/world[4774,4779]::world->field_70170_p
Rename field net/minecraft/world/World/isRemote[4788,4796]::isRemote->field_72995_K
New Key: class net/mcreator/youmods_rp/YouModsRPVariables
Rename field net/minecraft/entity/Entity/world[4887,4892]::world->field_70170_p
New Key: class net/mcreator/youmods_rp/YouModsRPVariables
FOUND CONSTR method net/mcreator/youmods_rp/ElementsYouModsRP/ModElement/ModElement (Lnet/mcreator/youmods_rp/ElementsYouModsRP;I)V net/mcreator/youmods_rp/ElementsYouModsRP/ModElement
Import: net.minecraftforge.fml.relauncher.Side
Import: net.minecraftforge.fml.common.registry.EntityEntry
Import: net.minecraftforge.fml.common.network.simpleimpl.IMessageHandler
Import: net.minecraftforge.fml.common.network.simpleimpl.IMessage
Import: net.minecraftforge.fml.common.network.IGuiHandler
Import: net.minecraftforge.fml.common.eventhandler.SubscribeEvent
Import: net.minecraftforge.fml.common.event.FMLServerStartingEvent
Import: net.minecraftforge.fml.common.event.FMLPreInitializationEvent
Import: net.minecraftforge.fml.common.event.FMLInitializationEvent
Import: net.minecraftforge.fml.common.discovery.ASMDataTable
Import: net.minecraftforge.fml.common.IWorldGenerator
Import: net.minecraftforge.fml.common.IFuelHandler
Import: net.minecraftforge.event.RegistryEvent
Import: net.minecraftforge.client.event.ModelRegistryEvent
Import: net.minecraft.world.storage.WorldSavedData
Import: net.minecraft.world.gen.IChunkGenerator
Import: net.minecraft.world.chunk.IChunkProvider
Import: net.minecraft.world.biome.Biome
Import: net.minecraft.world.World
Import: net.minecraft.util.ResourceLocation
Import: net.minecraft.potion.Potion
Import: net.minecraft.item.ItemStack
Import: net.minecraft.item.Item
Import: net.minecraft.entity.player.EntityPlayerMP
Import: net.minecraft.entity.player.EntityPlayer
Import: net.minecraft.block.Block
Import: java.util.function.Supplier
Import: java.util.Random
Import: java.util.Map
Import: java.util.List
Import: java.util.HashMap
Import: java.util.Collections
Import: java.util.ArrayList
Import: java.lang.annotation.RetentionPolicy
Import: java.lang.annotation.Retention
End  Processing: net/mcreator/youmods_rp/ElementsYouModsRP.java

Start Processing: net/mcreator/youmods_rp/IProxyYouModsRP.java
Import: net.minecraftforge.fml.common.event.FMLServerStartingEvent
Import: net.minecraftforge.fml.common.event.FMLPreInitializationEvent
Import: net.minecraftforge.fml.common.event.FMLPostInitializationEvent
Import: net.minecraftforge.fml.common.event.FMLInitializationEvent
End  Processing: net/mcreator/youmods_rp/IProxyYouModsRP.java

Start Processing: net/mcreator/youmods_rp/ServerProxyYouModsRP.java
Import: net.minecraftforge.fml.common.event.FMLServerStartingEvent
Import: net.minecraftforge.fml.common.event.FMLPreInitializationEvent
Import: net.minecraftforge.fml.common.event.FMLPostInitializationEvent
Import: net.minecraftforge.fml.common.event.FMLInitializationEvent
End  Processing: net/mcreator/youmods_rp/ServerProxyYouModsRP.java

Start Processing: net/mcreator/youmods_rp/YouModsRP.java
New Key: class net/minecraftforge/fml/common/Mod
New Key: class net/minecraftforge/fml/common/Mod
New Key: class net/mcreator/youmods_rp/ElementsYouModsRP
New Key: class net/minecraftforge/fml/common/Mod
New Key: class net/minecraftforge/fml/common/Mod
New Key: class net/minecraftforge/fml/common/Mod
New Key: class net/minecraftforge/event/RegistryEvent
New Key: class net/minecraftforge/event/RegistryEvent
New Key: class net/minecraftforge/event/RegistryEvent
New Key: class net/minecraftforge/event/RegistryEvent
New Key: class net/minecraftforge/event/RegistryEvent
New Key: class net/minecraftforge/event/RegistryEvent
Import: net.minecraftforge.fml.relauncher.SideOnly
Import: net.minecraftforge.fml.relauncher.Side
Import: net.minecraftforge.fml.common.registry.GameRegistry
Import: net.minecraftforge.fml.common.registry.EntityEntry
Import: net.minecraftforge.fml.common.network.simpleimpl.SimpleNetworkWrapper
Import: net.minecraftforge.fml.common.network.NetworkRegistry
Import: net.minecraftforge.fml.common.eventhandler.SubscribeEvent
Import: net.minecraftforge.fml.common.event.FMLServerStartingEvent
Import: net.minecraftforge.fml.common.event.FMLPreInitializationEvent
Import: net.minecraftforge.fml.common.event.FMLPostInitializationEvent
Import: net.minecraftforge.fml.common.event.FMLInitializationEvent
Import: net.minecraftforge.fml.common.SidedProxy
Import: net.minecraftforge.fml.common.Mod
Import: net.minecraftforge.fluids.FluidRegistry
Import: net.minecraftforge.event.RegistryEvent
Import: net.minecraftforge.common.MinecraftForge
Import: net.minecraftforge.client.event.ModelRegistryEvent
Import: net.minecraft.world.biome.Biome
Import: net.minecraft.potion.Potion
Import: net.minecraft.item.Item
Import: net.minecraft.block.Block
Import: java.util.function.Supplier
End  Processing: net/mcreator/youmods_rp/YouModsRP.java

Start Processing: net/mcreator/youmods_rp/YouModsRPVariables.java
FOUND CONSTR method net/mcreator/youmods_rp/YouModsRPVariables/MapVariables/MapVariables ()V net/mcreator/youmods_rp/YouModsRPVariables/MapVariables
FOUND CONSTR method net/mcreator/youmods_rp/YouModsRPVariables/MapVariables/MapVariables (Ljava/lang/String;)V net/mcreator/youmods_rp/YouModsRPVariables/MapVariables
Rename method net/minecraft/world/storage/WorldSavedData/readFromNBT (Lnet/minecraft/nbt/NBTTagCompound;)V[829,840]::readFromNBT->func_76184_a
Rename method net/minecraft/world/storage/WorldSavedData/writeToNBT (Lnet/minecraft/nbt/NBTTagCompound;)Lnet/minecraft/nbt/NBTTagCompound;[909,919]::writeToNBT->func_189551_b
Rename method net/minecraft/world/storage/WorldSavedData/markDirty ()V[1016,1025]::markDirty->func_76185_a
Rename field net/minecraft/world/World/isRemote[1046,1054]::isRemote->field_72995_K
Rename method net/minecraft/world/World/getMapStorage ()Lnet/minecraft/world/storage/MapStorage;[1352,1365]::getMapStorage->func_175693_T
Rename method net/minecraft/world/storage/MapStorage/getOrLoadData (Ljava/lang/Class;Ljava/lang/String;)Lnet/minecraft/world/storage/WorldSavedData;[1368,1381]::getOrLoadData->func_75742_a
Rename method net/minecraft/world/World/getMapStorage ()Lnet/minecraft/world/storage/MapStorage;[1488,1501]::getMapStorage->func_175693_T
Rename method net/minecraft/world/storage/MapStorage/setData (Ljava/lang/String;Lnet/minecraft/world/storage/WorldSavedData;)V[1504,1511]::setData->func_75745_a
FOUND CONSTR method net/mcreator/youmods_rp/YouModsRPVariables/WorldVariables/WorldVariables ()V net/mcreator/youmods_rp/YouModsRPVariables/WorldVariables
FOUND CONSTR method net/mcreator/youmods_rp/YouModsRPVariables/WorldVariables/WorldVariables (Ljava/lang/String;)V net/mcreator/youmods_rp/YouModsRPVariables/WorldVariables
Rename method net/minecraft/world/storage/WorldSavedData/readFromNBT (Lnet/minecraft/nbt/NBTTagCompound;)V[1849,1860]::readFromNBT->func_76184_a
Rename method net/minecraft/world/storage/WorldSavedData/writeToNBT (Lnet/minecraft/nbt/NBTTagCompound;)Lnet/minecraft/nbt/NBTTagCompound;[1929,1939]::writeToNBT->func_189551_b
Rename method net/minecraft/world/storage/WorldSavedData/markDirty ()V[2036,2045]::markDirty->func_76185_a
Rename field net/minecraft/world/World/isRemote[2066,2074]::isRemote->field_72995_K
Rename field net/minecraft/world/World/provider[2272,2280]::provider->field_73011_w
Rename method net/minecraft/world/storage/MapStorage/getOrLoadData (Ljava/lang/Class;Ljava/lang/String;)Lnet/minecraft/world/storage/WorldSavedData;[2441,2454]::getOrLoadData->func_75742_a
Rename method net/minecraft/world/storage/MapStorage/setData (Ljava/lang/String;Lnet/minecraft/world/storage/WorldSavedData;)V[2586,2593]::setData->func_75745_a
Rename field net/minecraft/network/NetHandlerPlayServer/player[2952,2958]::player->field_147369_b
Rename method net/minecraft/entity/player/EntityPlayerMP/getServerWorld ()Lnet/minecraft/world/WorldServer;[2967,2981]::getServerWorld->func_71121_q
Rename method net/minecraft/util/IThreadListener/addScheduledTask (Ljava/lang/Runnable;)Lcom/google/common/util/concurrent/ListenableFuture;[2990,3006]::addScheduledTask->func_152344_a
Rename field net/minecraft/network/NetHandlerPlayServer/player[3064,3070]::player->field_147369_b
Rename field net/minecraft/entity/Entity/world[3079,3084]::world->field_70170_p
Rename method net/minecraft/client/Minecraft/getMinecraft ()Lnet/minecraft/client/Minecraft;[3120,3132]::getMinecraft->func_71410_x
Rename method net/minecraft/util/IThreadListener/addScheduledTask (Ljava/lang/Runnable;)Lcom/google/common/util/concurrent/ListenableFuture;[3135,3151]::addScheduledTask->func_152344_a
Rename method net/minecraft/client/Minecraft/getMinecraft ()Lnet/minecraft/client/Minecraft;[3192,3204]::getMinecraft->func_71410_x
Rename field net/minecraft/client/Minecraft/player[3207,3213]::player->field_71439_g
Rename field net/minecraft/entity/Entity/world[3221,3226]::world->field_70170_p
Rename method net/minecraft/world/storage/WorldSavedData/markDirty ()V[3418,3427]::markDirty->func_76185_a
Rename field net/minecraft/world/World/provider[3585,3593]::provider->field_73011_w
Rename method net/minecraft/world/World/getMapStorage ()Lnet/minecraft/world/storage/MapStorage;[3662,3675]::getMapStorage->func_175693_T
Rename method net/minecraft/world/storage/MapStorage/setData (Ljava/lang/String;Lnet/minecraft/world/storage/WorldSavedData;)V[3678,3685]::setData->func_75745_a
Rename method net/minecraft/world/storage/MapStorage/setData (Ljava/lang/String;Lnet/minecraft/world/storage/WorldSavedData;)V[3775,3782]::setData->func_75745_a
FOUND CONSTR method net/mcreator/youmods_rp/YouModsRPVariables/WorldSavedDataSyncMessage/WorldSavedDataSyncMessage ()V net/mcreator/youmods_rp/YouModsRPVariables/WorldSavedDataSyncMessage
FOUND CONSTR method net/mcreator/youmods_rp/YouModsRPVariables/WorldSavedDataSyncMessage/WorldSavedDataSyncMessage (ILnet/minecraft/world/storage/WorldSavedData;)V net/mcreator/youmods_rp/YouModsRPVariables/WorldSavedDataSyncMessage
Rename method net/minecraft/world/storage/WorldSavedData/writeToNBT (Lnet/minecraft/nbt/NBTTagCompound;)Lnet/minecraft/nbt/NBTTagCompound;[4271,4281]::writeToNBT->func_189551_b
Rename method net/minecraft/world/storage/WorldSavedData/readFromNBT (Lnet/minecraft/nbt/NBTTagCompound;)V[4539,4550]::readFromNBT->func_76184_a
Import: net.minecraftforge.fml.relauncher.Side
Import: net.minecraftforge.fml.common.network.simpleimpl.MessageContext
Import: net.minecraftforge.fml.common.network.simpleimpl.IMessageHandler
Import: net.minecraftforge.fml.common.network.simpleimpl.IMessage
Import: net.minecraftforge.fml.common.network.ByteBufUtils
Import: net.minecraft.world.storage.WorldSavedData
Import: net.minecraft.world.World
Import: net.minecraft.nbt.NBTTagCompound
Import: net.minecraft.client.Minecraft
End  Processing: net/mcreator/youmods_rp/YouModsRPVariables.java

Start Processing: net/mcreator/youmods_rp/block/BlockLogoOre.java
New Key: class net/mcreator/youmods_rp/ElementsYouModsRP
New Key: class net/mcreator/youmods_rp/ElementsYouModsRP
New Key: class net/minecraftforge/fml/common/registry/GameRegistry
FOUND CONSTR method net/mcreator/youmods_rp/block/BlockLogoOre/BlockLogoOre (Lnet/mcreator/youmods_rp/ElementsYouModsRP;)V net/mcreator/youmods_rp/block/BlockLogoOre
Rename method net/minecraft/item/Item/getItemFromBlock (Lnet/minecraft/block/Block;)Lnet/minecraft/item/Item;[1334,1350]::getItemFromBlock->func_150898_a
FOUND CONSTR method net/mcreator/youmods_rp/block/BlockLogoOre/BlockCustom/BlockCustom ()V net/mcreator/youmods_rp/block/BlockLogoOre/BlockCustom
Rename field net/minecraft/block/material/Material/ROCK[1521,1525]::ROCK->field_151576_e
Rename method net/minecraft/block/Block/setUnlocalizedName (Ljava/lang/String;)Lnet/minecraft/block/Block;[1542,1560]::setUnlocalizedName->func_149663_c
Rename method net/minecraft/block/Block/setSoundType (Lnet/minecraft/block/SoundType;)Lnet/minecraft/block/Block;[1572,1584]::setSoundType->func_149672_a
Rename field net/minecraft/block/SoundType/STONE[1596,1601]::STONE->field_185851_d
Rename method net/minecraft/block/Block/setHardness (F)Lnet/minecraft/block/Block;[1652,1663]::setHardness->func_149711_c
Rename method net/minecraft/block/Block/setResistance (F)Lnet/minecraft/block/Block;[1675,1688]::setResistance->func_149752_b
Rename method net/minecraft/block/Block/setLightLevel (F)Lnet/minecraft/block/Block;[1699,1712]::setLightLevel->func_149715_a
Rename method net/minecraft/block/Block/setLightOpacity (I)Lnet/minecraft/block/Block;[1722,1737]::setLightOpacity->func_149713_g
Rename method net/minecraft/block/Block/setCreativeTab (Lnet/minecraft/creativetab/CreativeTabs;)Lnet/minecraft/block/Block;[1746,1760]::setCreativeTab->func_149647_a
Import: net.minecraftforge.fml.relauncher.SideOnly
Import: net.minecraftforge.fml.relauncher.Side
Import: net.minecraftforge.fml.common.registry.GameRegistry
Import: net.minecraftforge.client.model.ModelLoader
Import: net.minecraftforge.client.event.ModelRegistryEvent
Import: net.minecraft.item.ItemBlock
Import: net.minecraft.item.Item
Import: net.minecraft.client.renderer.block.model.ModelResourceLocation
Import: net.minecraft.block.material.Material
Import: net.minecraft.block.SoundType
Import: net.minecraft.block.Block
Import: net.mcreator.youmods_rp.creativetab.TabYouModsRP
Import: net.mcreator.youmods_rp.ElementsYouModsRP
End  Processing: net/mcreator/youmods_rp/block/BlockLogoOre.java

Start Processing: net/mcreator/youmods_rp/creativetab/TabYouModsRP.java
New Key: class net/mcreator/youmods_rp/ElementsYouModsRP
New Key: class net/mcreator/youmods_rp/ElementsYouModsRP
FOUND CONSTR method net/mcreator/youmods_rp/creativetab/TabYouModsRP/TabYouModsRP (Lnet/mcreator/youmods_rp/ElementsYouModsRP;)V net/mcreator/youmods_rp/creativetab/TabYouModsRP
Rename method net/minecraft/creativetab/CreativeTabs/getTabIconItem ()Lnet/minecraft/item/ItemStack;[671,685]::getTabIconItem->func_78016_d
Rename method net/minecraft/creativetab/CreativeTabs/setBackgroundImageName (Ljava/lang/String;)Lnet/minecraft/creativetab/CreativeTabs;[842,864]::setBackgroundImageName->func_78025_a
Import: net.minecraftforge.fml.relauncher.SideOnly
Import: net.minecraftforge.fml.relauncher.Side
Import: net.minecraft.item.ItemStack
Import: net.minecraft.creativetab.CreativeTabs
Import: net.mcreator.youmods_rp.item.ItemLogo
Import: net.mcreator.youmods_rp.ElementsYouModsRP
End  Processing: net/mcreator/youmods_rp/creativetab/TabYouModsRP.java

Start Processing: net/mcreator/youmods_rp/item/ItemBaton.java
New Key: class net/mcreator/youmods_rp/ElementsYouModsRP
New Key: class net/mcreator/youmods_rp/ElementsYouModsRP
New Key: class net/minecraftforge/fml/common/registry/GameRegistry
FOUND CONSTR method net/mcreator/youmods_rp/item/ItemBaton/ItemBaton (Lnet/mcreator/youmods_rp/ElementsYouModsRP;)V net/mcreator/youmods_rp/item/ItemBaton
Rename method net/minecraft/item/Item/getItemAttributeModifiers (Lnet/minecraft/inventory/EntityEquipmentSlot;)Lcom/google/common/collect/Multimap;[1561,1586]::getItemAttributeModifiers->func_111205_h
Rename method net/minecraft/item/Item/getItemAttributeModifiers (Lnet/minecraft/inventory/EntityEquipmentSlot;)Lcom/google/common/collect/Multimap;[1661,1686]::getItemAttributeModifiers->func_111205_h
Rename field net/minecraft/entity/SharedMonsterAttributes/ATTACK_DAMAGE[1774,1787]::ATTACK_DAMAGE->field_111264_e
Rename method net/minecraft/entity/ai/attributes/IAttribute/getName ()Ljava/lang/String;[1789,1796]::getName->func_111108_a
Rename field net/minecraft/item/Item/ATTACK_DAMAGE_MODIFIER[1836,1858]::ATTACK_DAMAGE_MODIFIER->field_111210_e
Rename method net/minecraft/item/ItemSword/getAttackDamage ()F[1885,1900]::getAttackDamage->func_150931_i
Rename field net/minecraft/entity/SharedMonsterAttributes/ATTACK_SPEED[1950,1962]::ATTACK_SPEED->field_188790_f
Rename method net/minecraft/entity/ai/attributes/IAttribute/getName ()Ljava/lang/String;[1965,1972]::getName->func_111108_a
Rename field net/minecraft/item/Item/ATTACK_SPEED_MODIFIER[2012,2033]::ATTACK_SPEED_MODIFIER->field_185050_h
Rename method net/minecraft/item/Item/hitEntity (Lnet/minecraft/item/ItemStack;Lnet/minecraft/entity/EntityLivingBase;Lnet/minecraft/entity/EntityLivingBase;)Z[2312,2321]::hitEntity->func_77644_a
Rename method net/minecraft/item/Item/hitEntity (Lnet/minecraft/item/ItemStack;Lnet/minecraft/entity/EntityLivingBase;Lnet/minecraft/entity/EntityLivingBase;)Z[2410,2419]::hitEntity->func_77644_a
Rename field net/minecraft/entity/Entity/posX[2478,2482]::posX->field_70165_t
Rename field net/minecraft/entity/Entity/posY[2519,2523]::posY->field_70163_u
Rename field net/minecraft/entity/Entity/posZ[2560,2564]::posZ->field_70161_v
Rename field net/minecraft/entity/Entity/world[2601,2606]::world->field_70170_p
Rename method net/minecraft/item/Item/setUnlocalizedName (Ljava/lang/String;)Lnet/minecraft/item/Item;[2858,2876]::setUnlocalizedName->func_77655_b
Rename method net/minecraft/item/Item/setCreativeTab (Lnet/minecraft/creativetab/CreativeTabs;)Lnet/minecraft/item/Item;[2905,2919]::setCreativeTab->func_77637_a
Import: net.minecraftforge.fml.relauncher.SideOnly
Import: net.minecraftforge.fml.relauncher.Side
Import: net.minecraftforge.fml.common.registry.GameRegistry
Import: net.minecraftforge.common.util.EnumHelper
Import: net.minecraftforge.client.model.ModelLoader
Import: net.minecraftforge.client.event.ModelRegistryEvent
Import: net.minecraft.world.World
Import: net.minecraft.item.ItemSword
Import: net.minecraft.item.ItemStack
Import: net.minecraft.item.Item
Import: net.minecraft.inventory.EntityEquipmentSlot
Import: net.minecraft.entity.ai.attributes.AttributeModifier
Import: net.minecraft.entity.SharedMonsterAttributes
Import: net.minecraft.entity.EntityLivingBase
Import: net.minecraft.client.renderer.block.model.ModelResourceLocation
Import: net.mcreator.youmods_rp.procedure.ProcedureBatonMobIsHitWithTool
Import: net.mcreator.youmods_rp.creativetab.TabYouModsRP
Import: net.mcreator.youmods_rp.ElementsYouModsRP
Import: java.util.Set
Import: java.util.HashMap
Import: com.google.common.collect.Multimap
End  Processing: net/mcreator/youmods_rp/item/ItemBaton.java

Start Processing: net/mcreator/youmods_rp/item/ItemBronzecoin.java
New Key: class net/mcreator/youmods_rp/ElementsYouModsRP
New Key: class net/mcreator/youmods_rp/ElementsYouModsRP
New Key: class net/minecraftforge/fml/common/registry/GameRegistry
FOUND CONSTR method net/mcreator/youmods_rp/item/ItemBronzecoin/ItemBronzecoin (Lnet/mcreator/youmods_rp/ElementsYouModsRP;)V net/mcreator/youmods_rp/item/ItemBronzecoin
FOUND CONSTR method net/mcreator/youmods_rp/item/ItemBronzecoin/ItemCustom/ItemCustom ()V net/mcreator/youmods_rp/item/ItemBronzecoin/ItemCustom
Rename method net/minecraft/item/Item/setMaxDamage (I)Lnet/minecraft/item/Item;[1298,1310]::setMaxDamage->func_77656_e
Rename field net/minecraft/item/Item/maxStackSize[1319,1331]::maxStackSize->field_77777_bU
Rename method net/minecraft/item/Item/setUnlocalizedName (Ljava/lang/String;)Lnet/minecraft/item/Item;[1344,1362]::setUnlocalizedName->func_77655_b
Rename method net/minecraft/item/Item/setCreativeTab (Lnet/minecraft/creativetab/CreativeTabs;)Lnet/minecraft/item/Item;[1413,1427]::setCreativeTab->func_77637_a
Rename method net/minecraft/item/Item/getItemEnchantability ()I[1479,1500]::getItemEnchantability->func_77619_b
Rename method net/minecraft/item/Item/getMaxItemUseDuration (Lnet/minecraft/item/ItemStack;)I[1544,1565]::getMaxItemUseDuration->func_77626_a
Rename method net/minecraft/item/Item/getDestroySpeed (Lnet/minecraft/item/ItemStack;Lnet/minecraft/block/state/IBlockState;)F[1630,1645]::getDestroySpeed->func_150893_a
Import: net.minecraftforge.fml.relauncher.SideOnly
Import: net.minecraftforge.fml.relauncher.Side
Import: net.minecraftforge.fml.common.registry.GameRegistry
Import: net.minecraftforge.client.model.ModelLoader
Import: net.minecraftforge.client.event.ModelRegistryEvent
Import: net.minecraft.item.ItemStack
Import: net.minecraft.item.Item
Import: net.minecraft.client.renderer.block.model.ModelResourceLocation
Import: net.minecraft.block.state.IBlockState
Import: net.mcreator.youmods_rp.creativetab.TabYouModsRP
Import: net.mcreator.youmods_rp.ElementsYouModsRP
End  Processing: net/mcreator/youmods_rp/item/ItemBronzecoin.java

Start Processing: net/mcreator/youmods_rp/item/ItemDiamondcoin.java
New Key: class net/mcreator/youmods_rp/ElementsYouModsRP
New Key: class net/mcreator/youmods_rp/ElementsYouModsRP
New Key: class net/minecraftforge/fml/common/registry/GameRegistry
FOUND CONSTR method net/mcreator/youmods_rp/item/ItemDiamondcoin/ItemDiamondcoin (Lnet/mcreator/youmods_rp/ElementsYouModsRP;)V net/mcreator/youmods_rp/item/ItemDiamondcoin
FOUND CONSTR method net/mcreator/youmods_rp/item/ItemDiamondcoin/ItemCustom/ItemCustom ()V net/mcreator/youmods_rp/item/ItemDiamondcoin/ItemCustom
Rename method net/minecraft/item/Item/setMaxDamage (I)Lnet/minecraft/item/Item;[1302,1314]::setMaxDamage->func_77656_e
Rename field net/minecraft/item/Item/maxStackSize[1323,1335]::maxStackSize->field_77777_bU
Rename method net/minecraft/item/Item/setUnlocalizedName (Ljava/lang/String;)Lnet/minecraft/item/Item;[1348,1366]::setUnlocalizedName->func_77655_b
Rename method net/minecraft/item/Item/setCreativeTab (Lnet/minecraft/creativetab/CreativeTabs;)Lnet/minecraft/item/Item;[1419,1433]::setCreativeTab->func_77637_a
Rename method net/minecraft/item/Item/getItemEnchantability ()I[1485,1506]::getItemEnchantability->func_77619_b
Rename method net/minecraft/item/Item/getMaxItemUseDuration (Lnet/minecraft/item/ItemStack;)I[1550,1571]::getMaxItemUseDuration->func_77626_a
Rename method net/minecraft/item/Item/getDestroySpeed (Lnet/minecraft/item/ItemStack;Lnet/minecraft/block/state/IBlockState;)F[1636,1651]::getDestroySpeed->func_150893_a
Import: net.minecraftforge.fml.relauncher.SideOnly
Import: net.minecraftforge.fml.relauncher.Side
Import: net.minecraftforge.fml.common.registry.GameRegistry
Import: net.minecraftforge.client.model.ModelLoader
Import: net.minecraftforge.client.event.ModelRegistryEvent
Import: net.minecraft.item.ItemStack
Import: net.minecraft.item.Item
Import: net.minecraft.client.renderer.block.model.ModelResourceLocation
Import: net.minecraft.block.state.IBlockState
Import: net.mcreator.youmods_rp.creativetab.TabYouModsRP
Import: net.mcreator.youmods_rp.ElementsYouModsRP
End  Processing: net/mcreator/youmods_rp/item/ItemDiamondcoin.java

Start Processing: net/mcreator/youmods_rp/item/ItemGoldcoin.java
New Key: class net/mcreator/youmods_rp/ElementsYouModsRP
New Key: class net/mcreator/youmods_rp/ElementsYouModsRP
New Key: class net/minecraftforge/fml/common/registry/GameRegistry
FOUND CONSTR method net/mcreator/youmods_rp/item/ItemGoldcoin/ItemGoldcoin (Lnet/mcreator/youmods_rp/ElementsYouModsRP;)V net/mcreator/youmods_rp/item/ItemGoldcoin
FOUND CONSTR method net/mcreator/youmods_rp/item/ItemGoldcoin/ItemCustom/ItemCustom ()V net/mcreator/youmods_rp/item/ItemGoldcoin/ItemCustom
Rename method net/minecraft/item/Item/setMaxDamage (I)Lnet/minecraft/item/Item;[1290,1302]::setMaxDamage->func_77656_e
Rename field net/minecraft/item/Item/maxStackSize[1311,1323]::maxStackSize->field_77777_bU
Rename method net/minecraft/item/Item/setUnlocalizedName (Ljava/lang/String;)Lnet/minecraft/item/Item;[1336,1354]::setUnlocalizedName->func_77655_b
Rename method net/minecraft/item/Item/setCreativeTab (Lnet/minecraft/creativetab/CreativeTabs;)Lnet/minecraft/item/Item;[1401,1415]::setCreativeTab->func_77637_a
Rename method net/minecraft/item/Item/getItemEnchantability ()I[1467,1488]::getItemEnchantability->func_77619_b
Rename method net/minecraft/item/Item/getMaxItemUseDuration (Lnet/minecraft/item/ItemStack;)I[1532,1553]::getMaxItemUseDuration->func_77626_a
Rename method net/minecraft/item/Item/getDestroySpeed (Lnet/minecraft/item/ItemStack;Lnet/minecraft/block/state/IBlockState;)F[1618,1633]::getDestroySpeed->func_150893_a
Import: net.minecraftforge.fml.relauncher.SideOnly
Import: net.minecraftforge.fml.relauncher.Side
Import: net.minecraftforge.fml.common.registry.GameRegistry
Import: net.minecraftforge.client.model.ModelLoader
Import: net.minecraftforge.client.event.ModelRegistryEvent
Import: net.minecraft.item.ItemStack
Import: net.minecraft.item.Item
Import: net.minecraft.client.renderer.block.model.ModelResourceLocation
Import: net.minecraft.block.state.IBlockState
Import: net.mcreator.youmods_rp.creativetab.TabYouModsRP
Import: net.mcreator.youmods_rp.ElementsYouModsRP
End  Processing: net/mcreator/youmods_rp/item/ItemGoldcoin.java

Start Processing: net/mcreator/youmods_rp/item/ItemLogo.java
New Key: class net/mcreator/youmods_rp/ElementsYouModsRP
New Key: class net/mcreator/youmods_rp/ElementsYouModsRP
New Key: class net/minecraftforge/fml/common/registry/GameRegistry
FOUND CONSTR method net/mcreator/youmods_rp/item/ItemLogo/ItemLogo (Lnet/mcreator/youmods_rp/ElementsYouModsRP;)V net/mcreator/youmods_rp/item/ItemLogo
FOUND CONSTR method net/mcreator/youmods_rp/item/ItemLogo/ItemCustom/ItemCustom ()V net/mcreator/youmods_rp/item/ItemLogo/ItemCustom
Rename method net/minecraft/item/Item/setMaxDamage (I)Lnet/minecraft/item/Item;[1272,1284]::setMaxDamage->func_77656_e
Rename field net/minecraft/item/Item/maxStackSize[1293,1305]::maxStackSize->field_77777_bU
Rename method net/minecraft/item/Item/setUnlocalizedName (Ljava/lang/String;)Lnet/minecraft/item/Item;[1318,1336]::setUnlocalizedName->func_77655_b
Rename method net/minecraft/item/Item/setCreativeTab (Lnet/minecraft/creativetab/CreativeTabs;)Lnet/minecraft/item/Item;[1373,1387]::setCreativeTab->func_77637_a
Rename method net/minecraft/item/Item/getItemEnchantability ()I[1439,1460]::getItemEnchantability->func_77619_b
Rename method net/minecraft/item/Item/getMaxItemUseDuration (Lnet/minecraft/item/ItemStack;)I[1504,1525]::getMaxItemUseDuration->func_77626_a
Rename method net/minecraft/item/Item/getDestroySpeed (Lnet/minecraft/item/ItemStack;Lnet/minecraft/block/state/IBlockState;)F[1590,1605]::getDestroySpeed->func_150893_a
Import: net.minecraftforge.fml.relauncher.SideOnly
Import: net.minecraftforge.fml.relauncher.Side
Import: net.minecraftforge.fml.common.registry.GameRegistry
Import: net.minecraftforge.client.model.ModelLoader
Import: net.minecraftforge.client.event.ModelRegistryEvent
Import: net.minecraft.item.ItemStack
Import: net.minecraft.item.Item
Import: net.minecraft.client.renderer.block.model.ModelResourceLocation
Import: net.minecraft.block.state.IBlockState
Import: net.mcreator.youmods_rp.creativetab.TabYouModsRP
Import: net.mcreator.youmods_rp.ElementsYouModsRP
End  Processing: net/mcreator/youmods_rp/item/ItemLogo.java

Start Processing: net/mcreator/youmods_rp/item/ItemPoliceArmor.java
New Key: class net/mcreator/youmods_rp/ElementsYouModsRP
New Key: class net/mcreator/youmods_rp/ElementsYouModsRP
New Key: class net/minecraftforge/fml/common/registry/GameRegistry
New Key: class net/minecraftforge/fml/common/registry/GameRegistry
New Key: class net/minecraftforge/fml/common/registry/GameRegistry
New Key: class net/minecraftforge/fml/common/registry/GameRegistry
FOUND CONSTR method net/mcreator/youmods_rp/item/ItemPoliceArmor/ItemPoliceArmor (Lnet/mcreator/youmods_rp/ElementsYouModsRP;)V net/mcreator/youmods_rp/item/ItemPoliceArmor
New Key: class net/minecraft/item/ItemArmor
Rename field net/minecraft/util/SoundEvent/REGISTRY[1553,1561]::REGISTRY->field_187505_a
Rename method net/minecraft/util/registry/IRegistry/getObject (Ljava/lang/Object;)Ljava/lang/Object;[1568,1577]::getObject->func_82594_a
Rename method net/minecraft/item/Item/setUnlocalizedName (Ljava/lang/String;)Lnet/minecraft/item/Item;[1713,1731]::setUnlocalizedName->func_77655_b
Rename method net/minecraft/item/Item/setCreativeTab (Lnet/minecraft/creativetab/CreativeTabs;)Lnet/minecraft/item/Item;[1790,1804]::setCreativeTab->func_77637_a
Rename method net/minecraft/item/Item/setUnlocalizedName (Ljava/lang/String;)Lnet/minecraft/item/Item;[1902,1920]::setUnlocalizedName->func_77655_b
Rename method net/minecraft/item/Item/setCreativeTab (Lnet/minecraft/creativetab/CreativeTabs;)Lnet/minecraft/item/Item;[1975,1989]::setCreativeTab->func_77637_a
Rename method net/minecraft/item/Item/setUnlocalizedName (Ljava/lang/String;)Lnet/minecraft/item/Item;[2086,2104]::setUnlocalizedName->func_77655_b
Rename method net/minecraft/item/Item/setCreativeTab (Lnet/minecraft/creativetab/CreativeTabs;)Lnet/minecraft/item/Item;[2159,2173]::setCreativeTab->func_77637_a
Rename method net/minecraft/item/Item/setUnlocalizedName (Ljava/lang/String;)Lnet/minecraft/item/Item;[2270,2288]::setUnlocalizedName->func_77655_b
Rename method net/minecraft/item/Item/setCreativeTab (Lnet/minecraft/creativetab/CreativeTabs;)Lnet/minecraft/item/Item;[2345,2359]::setCreativeTab->func_77637_a
Import: net.minecraftforge.fml.relauncher.SideOnly
Import: net.minecraftforge.fml.relauncher.Side
Import: net.minecraftforge.fml.common.registry.GameRegistry
Import: net.minecraftforge.common.util.EnumHelper
Import: net.minecraftforge.client.model.ModelLoader
Import: net.minecraftforge.client.event.ModelRegistryEvent
Import: net.minecraft.util.ResourceLocation
Import: net.minecraft.item.ItemArmor
Import: net.minecraft.item.Item
Import: net.minecraft.inventory.EntityEquipmentSlot
Import: net.minecraft.client.renderer.block.model.ModelResourceLocation
Import: net.mcreator.youmods_rp.creativetab.TabYouModsRP
Import: net.mcreator.youmods_rp.ElementsYouModsRP
End  Processing: net/mcreator/youmods_rp/item/ItemPoliceArmor.java

Start Processing: net/mcreator/youmods_rp/item/ItemSilvercoin.java
New Key: class net/mcreator/youmods_rp/ElementsYouModsRP
New Key: class net/mcreator/youmods_rp/ElementsYouModsRP
New Key: class net/minecraftforge/fml/common/registry/GameRegistry
FOUND CONSTR method net/mcreator/youmods_rp/item/ItemSilvercoin/ItemSilvercoin (Lnet/mcreator/youmods_rp/ElementsYouModsRP;)V net/mcreator/youmods_rp/item/ItemSilvercoin
FOUND CONSTR method net/mcreator/youmods_rp/item/ItemSilvercoin/ItemCustom/ItemCustom ()V net/mcreator/youmods_rp/item/ItemSilvercoin/ItemCustom
Rename method net/minecraft/item/Item/setMaxDamage (I)Lnet/minecraft/item/Item;[1298,1310]::setMaxDamage->func_77656_e
Rename field net/minecraft/item/Item/maxStackSize[1319,1331]::maxStackSize->field_77777_bU
Rename method net/minecraft/item/Item/setUnlocalizedName (Ljava/lang/String;)Lnet/minecraft/item/Item;[1344,1362]::setUnlocalizedName->func_77655_b
Rename method net/minecraft/item/Item/setCreativeTab (Lnet/minecraft/creativetab/CreativeTabs;)Lnet/minecraft/item/Item;[1413,1427]::setCreativeTab->func_77637_a
Rename method net/minecraft/item/Item/getItemEnchantability ()I[1479,1500]::getItemEnchantability->func_77619_b
Rename method net/minecraft/item/Item/getMaxItemUseDuration (Lnet/minecraft/item/ItemStack;)I[1544,1565]::getMaxItemUseDuration->func_77626_a
Rename method net/minecraft/item/Item/getDestroySpeed (Lnet/minecraft/item/ItemStack;Lnet/minecraft/block/state/IBlockState;)F[1630,1645]::getDestroySpeed->func_150893_a
Import: net.minecraftforge.fml.relauncher.SideOnly
Import: net.minecraftforge.fml.relauncher.Side
Import: net.minecraftforge.fml.common.registry.GameRegistry
Import: net.minecraftforge.client.model.ModelLoader
Import: net.minecraftforge.client.event.ModelRegistryEvent
Import: net.minecraft.item.ItemStack
Import: net.minecraft.item.Item
Import: net.minecraft.client.renderer.block.model.ModelResourceLocation
Import: net.minecraft.block.state.IBlockState
Import: net.mcreator.youmods_rp.creativetab.TabYouModsRP
Import: net.mcreator.youmods_rp.ElementsYouModsRP
End  Processing: net/mcreator/youmods_rp/item/ItemSilvercoin.java

Start Processing: net/mcreator/youmods_rp/procedure/ProcedureBatonMobIsHitWithTool.java
New Key: class net/mcreator/youmods_rp/ElementsYouModsRP
New Key: class net/mcreator/youmods_rp/ElementsYouModsRP
FOUND CONSTR method net/mcreator/youmods_rp/procedure/ProcedureBatonMobIsHitWithTool/ProcedureBatonMobIsHitWithTool (Lnet/mcreator/youmods_rp/ElementsYouModsRP;)V net/mcreator/youmods_rp/procedure/ProcedureBatonMobIsHitWithTool
Rename method net/minecraft/entity/EntityLivingBase/addPotionEffect (Lnet/minecraft/potion/PotionEffect;)V[1198,1213]::addPotionEffect->func_70690_d
Rename field net/minecraft/init/MobEffects/SLOWNESS[1239,1247]::SLOWNESS->field_76421_d
Rename method net/minecraft/entity/EntityLivingBase/addPotionEffect (Lnet/minecraft/potion/PotionEffect;)V[1351,1366]::addPotionEffect->func_70690_d
Rename field net/minecraft/init/MobEffects/MINING_FATIGUE[1392,1406]::MINING_FATIGUE->field_76419_f
Rename method net/minecraft/entity/EntityLivingBase/addPotionEffect (Lnet/minecraft/potion/PotionEffect;)V[1504,1519]::addPotionEffect->func_70690_d
Rename field net/minecraft/init/MobEffects/NAUSEA[1545,1551]::NAUSEA->field_76431_k
Rename method net/minecraft/util/math/Vec3i/getX ()I[1726,1730]::getX->func_177958_n
Rename method net/minecraft/util/math/Vec3i/getY ()I[1769,1773]::getY->func_177956_o
Rename method net/minecraft/util/math/Vec3i/getZ ()I[1812,1816]::getZ->func_177952_p
Import: net.minecraftforge.fml.common.eventhandler.SubscribeEvent
Import: net.minecraftforge.fml.common.event.FMLPreInitializationEvent
Import: net.minecraftforge.event.entity.player.UseHoeEvent
Import: net.minecraftforge.common.MinecraftForge
Import: net.minecraft.world.World
Import: net.minecraft.potion.PotionEffect
Import: net.minecraft.init.MobEffects
Import: net.minecraft.entity.player.EntityPlayer
Import: net.minecraft.entity.EntityLivingBase
Import: net.minecraft.entity.Entity
Import: net.mcreator.youmods_rp.ElementsYouModsRP
End  Processing: net/mcreator/youmods_rp/procedure/ProcedureBatonMobIsHitWithTool.java

